\BOOKMARK [0][-]{chapter.1}{\376\377\122\115\212\000}{}% 1
\BOOKMARK [1][-]{section.1.1}{\376\377\000T\000o\000\040\000d\000o}{chapter.1}% 2
\BOOKMARK [1][-]{section.1.2}{\376\377\127\372\147\054\151\202\137\365}{chapter.1}% 3
\BOOKMARK [2][-]{subsection.1.2.1}{\376\377\135\345\202\172\211\322}{section.1.2}% 4
\BOOKMARK [2][-]{subsection.1.2.2}{\376\377\000P\000V\000T\147\141\116\366}{section.1.2}% 5
\BOOKMARK [2][-]{subsection.1.2.3}{\376\377\000P\000D\000K}{section.1.2}% 6
\BOOKMARK [1][-]{section.1.3}{\376\377\145\366\224\237\117\341\123\367}{chapter.1}% 7
\BOOKMARK [2][-]{subsection.1.3.1}{\376\377\145\366\224\237\117\341\123\367\166\204\165\037\142\020}{section.1.3}% 8
\BOOKMARK [2][-]{subsection.1.3.2}{\376\377\145\366\224\237\117\341\123\367\166\204\162\171\140\047}{section.1.3}% 9
\BOOKMARK [3][-]{subsubsection.1.3.2.1}{\376\377\145\366\224\237\117\341\123\367\166\204\133\232\116\111}{subsection.1.3.2}% 10
\BOOKMARK [3][-]{subsubsection.1.3.2.2}{\376\377\145\366\224\237\117\341\123\367\166\204\136\366\156\336\377\010\000l\000a\000t\000e\000n\000c\000y\377\011}{subsection.1.3.2}% 11
\BOOKMARK [3][-]{subsubsection.1.3.2.3}{\376\377\145\366\224\237\117\341\123\367\166\204\142\226\122\250}{subsection.1.3.2}% 12
\BOOKMARK [3][-]{subsubsection.1.3.2.4}{\376\377\145\366\224\237\117\341\123\367\166\204\120\117\135\356}{subsection.1.3.2}% 13
\BOOKMARK [1][-]{section.1.4}{\376\377\213\276\213\241\176\246\147\137}{chapter.1}% 14
\BOOKMARK [2][-]{subsection.1.4.1}{\376\377\213\276\213\241\176\246\147\137\145\207\116\366\150\074\137\017\000s\000d\000c\000.\000r\000s\000t}{section.1.4}% 15
\BOOKMARK [2][-]{subsection.1.4.2}{\376\377\145\366\224\237\145\271\227\142\166\204\176\246\147\137}{section.1.4}% 16
\BOOKMARK [1][-]{section.1.5}{\376\377\000D\000e\000s\000i\000g\000n\000\040\000F\000l\000o\000w}{chapter.1}% 17
\BOOKMARK [2][-]{subsection.1.5.1}{\376\377\000I\000m\000p\000l\000e\000m\000e\000n\000t\000a\000t\000i\000o\000n}{section.1.5}% 18
\BOOKMARK [2][-]{subsection.1.5.2}{\376\377\000V\000e\000r\000i\000f\000i\000c\000a\000t\000i\000o\000n}{section.1.5}% 19
\BOOKMARK [1][-]{section.1.6}{\376\377\123\302\200\003}{chapter.1}% 20
\BOOKMARK [0][-]{chapter.2}{\376\377\000L\000i\000b\000r\000a\000r\000y}{}% 21
\BOOKMARK [1][-]{section.2.1}{\376\377\220\073\217\221\123\125\121\103\174\173\122\053}{chapter.2}% 22
\BOOKMARK [2][-]{subsection.2.1.1}{\376\377\150\007\121\306\123\125\121\103}{section.2.1}% 23
\BOOKMARK [2][-]{subsection.2.1.2}{\376\377\133\217\123\125\121\103}{section.2.1}% 24
\BOOKMARK [2][-]{subsection.2.1.3}{\376\377\000I\000/\000O\123\125\121\103}{section.2.1}% 25
\BOOKMARK [1][-]{section.2.2}{\376\377\116\016\123\125\121\103\136\223\166\370\121\163\166\204\150\007\121\306\145\160\143\156\150\074\137\017\145\207\116\366}{chapter.2}% 26
\BOOKMARK [2][-]{subsection.2.2.1}{\376\377\162\151\164\006\136\223\116\244\143\142\150\074\137\017\000\050\000L\000E\000F\000\051\145\207\116\366}{section.2.2}% 27
\BOOKMARK [3][-]{subsubsection.2.2.1.1}{\376\377\000L\000E\000F\000\040\166\204\136\372\172\313}{subsection.2.2.1}% 28
\BOOKMARK [3][-]{subsubsection.2.2.1.2}{\376\377\142\200\147\057\000\040\000L\000E\000F}{subsection.2.2.1}% 29
\BOOKMARK [3][-]{subsubsection.2.2.1.3}{\376\377\123\125\121\103\000\040\000L\000E\000F}{subsection.2.2.1}% 30
\BOOKMARK [2][-]{subsection.2.2.2}{\376\377\145\366\136\217\136\223\145\207\116\366}{section.2.2}% 31
\BOOKMARK [3][-]{subsubsection.2.2.2.1}{\376\377\145\366\136\217\136\223\166\204\136\372\172\313}{subsection.2.2.2}% 32
\BOOKMARK [3][-]{subsubsection.2.2.2.2}{\376\377\145\366\136\217\136\223\145\207\116\366\150\074\137\017}{subsection.2.2.2}% 33
\BOOKMARK [3][-]{subsubsection.2.2.2.3}{\376\377\145\366\136\217\136\223\116\055\166\204\176\277\215\037\217\175\152\041\127\213}{subsection.2.2.2}% 34
\BOOKMARK [3][-]{subsubsection.2.2.2.4}{\376\377\145\366\136\217\136\223\123\125\121\103\117\341\140\157}{subsection.2.2.2}% 35
\BOOKMARK [1][-]{section.2.3}{\376\377\123\125\121\103\136\223\136\372\172\313\155\101\172\013}{chapter.2}% 36
\BOOKMARK [0][-]{chapter.3}{\376\377\000P\000a\000r\000t\000i\000t\000i\000o\000n\000i\000n\000g}{}% 37
\BOOKMARK [1][-]{section.3.1}{\376\377\000P\000h\000y\000s\000i\000c\000a\000l\000\040\000D\000e\000s\000i\000g\000n\000\040\000I\000m\000p\000l\000e\000m\000e\000n\000t\000a\000t\000i\000o\000n\000\040\000S\000t\000y\000l\000e}{chapter.3}% 38
\BOOKMARK [2][-]{subsection.3.1.1}{\376\377\134\125\136\163\137\017\162\151\164\006\213\276\213\241}{section.3.1}% 39
\BOOKMARK [2][-]{subsection.3.1.2}{\376\377\134\102\153\041\123\026\162\151\164\006\213\276\213\241}{section.3.1}% 40
\BOOKMARK [0][-]{chapter.4}{\376\377\000S\000y\000n\000t\000h\000e\000s\000i\000z\000e}{}% 41
\BOOKMARK [1][-]{section.4.1}{\376\377\176\374\124\010\226\066\153\265\116\055\166\204\213\276\213\241\176\246\147\137}{chapter.4}% 42
\BOOKMARK [2][-]{subsection.4.1.1}{\376\377\145\366\136\217\176\246\147\137}{section.4.1}% 43
\BOOKMARK [2][-]{subsection.4.1.2}{\376\377\227\142\171\357\176\246\147\137}{section.4.1}% 44
\BOOKMARK [2][-]{subsection.4.1.3}{\376\377\133\232\116\111\163\257\130\203\134\136\140\047}{section.4.1}% 45
\BOOKMARK [1][-]{section.4.2}{\376\377\176\374\124\010\176\323\147\234\213\304\117\060}{chapter.4}% 46
\BOOKMARK [2][-]{subsection.4.2.1}{\376\377\127\372\116\216\142\245\124\112\166\204\143\007\150\007\122\006\147\220}{section.4.2}% 47
\BOOKMARK [2][-]{subsection.4.2.2}{\376\377\176\374\124\010\124\016\225\350\176\247\116\377\167\037}{section.4.2}% 48
\BOOKMARK [0][-]{chapter.5}{\376\377\000F\000l\000o\000o\000r\000p\000l\000a\000n\000n\000i\000n\000g}{}% 49
\BOOKMARK [1][-]{section.5.1}{\376\377\000F\000l\000o\000o\000r\000p\000l\000a\000n\000n\000i\000n\000g\000\040\151\202\217\360}{chapter.5}% 50
\BOOKMARK [2][-]{subsection.5.1.1}{\376\377\000O\000b\000j\000e\000c\000t\000i\000v\000e\000s\000\040\000o\000f\000\040\000F\000l\000o\000o\000r\000p\000l\000a\000n\000n\000i\000n\000g}{section.5.1}% 51
\BOOKMARK [2][-]{subsection.5.1.2}{\376\377\000W\000h\000a\000t\000\040\000t\000o\000\040\000d\000o\000\040\000i\000n\000\040\000F\000l\000o\000o\000r\000p\000l\000a\000n\000n\000i\000n\000g}{section.5.1}% 52
\BOOKMARK [1][-]{section.5.2}{\376\377\136\003\134\100\000I\000/\000O\123\125\121\103}{chapter.5}% 53
\BOOKMARK [1][-]{section.5.3}{\376\377\170\156\133\232\202\257\162\107\227\142\171\357}{chapter.5}% 54
\BOOKMARK [2][-]{subsection.5.3.1}{\376\377\000A\000s\000p\000e\000c\000t\000\040\000r\000a\000t\000i\000o}{section.5.3}% 55
\BOOKMARK [2][-]{subsection.5.3.2}{\376\377\000W\000i\000d\000t\000h\000\040\000a\000n\000d\000\040\000H\000e\000i\000g\000h\000t}{section.5.3}% 56
\BOOKMARK [2][-]{subsection.5.3.3}{\376\377\213\304\117\060\143\007\150\007}{section.5.3}% 57
\BOOKMARK [3][-]{subsubsection.5.3.3.1}{\376\377\000C\000o\000r\000e\000\040\000U\000t\000i\000l\000i\000z\000a\000t\000i\000o\000n\000\040\000\050\000C\000u\000\051}{subsection.5.3.3}% 58
\BOOKMARK [3][-]{subsubsection.5.3.3.2}{\376\377\000R\000o\000w\000\040\000t\000o\000\040\000C\000o\000r\000e\000\040\000R\000a\000t\000i\000o\000\040\000\050\000R\000c\000r\000\051\000:}{subsection.5.3.3}% 59
\BOOKMARK [3][-]{subsubsection.5.3.3.3}{\376\377\000T\000o\000t\000a\000l\000\040\000u\000t\000i\000l\000i\000z\000a\000t\000i\000o\000n\000\040\000T\000\050\000F\000\051}{subsection.5.3.3}% 60
\BOOKMARK [3][-]{subsubsection.5.3.3.4}{\376\377\000C\000e\000l\000l\000\040\000r\000o\000w\000\040\000u\000t\000i\000l\000i\000z\000a\000t\000i\000o\000n}{subsection.5.3.3}% 61
\BOOKMARK [1][-]{section.5.4}{\376\377\136\003\134\100\000M\000a\000c\000r\000o}{chapter.5}% 62
\BOOKMARK [2][-]{subsection.5.4.1}{\376\377\000\050\000M\000a\000c\000r\000o\000\051\000\040\000F\000l\000o\000o\000r\000p\000l\000a\000n\000\040\000T\000e\000c\000h\000n\000i\000q\000u\000e\000s}{section.5.4}% 63
\BOOKMARK [2][-]{subsection.5.4.2}{\376\377\000M\000a\000c\000r\000o\000\040\145\076\177\156\123\237\122\031\377\032\217\271\177\030\144\106\145\076}{section.5.4}% 64
\BOOKMARK [2][-]{subsection.5.4.3}{\376\377\000H\000a\000l\000o}{section.5.4}% 65
\BOOKMARK [1][-]{section.5.5}{\376\377\136\003\134\100\000B\000l\000o\000c\000k}{chapter.5}% 66
\BOOKMARK [2][-]{subsection.5.5.1}{\376\377\136\003\134\100\226\234\170\215}{section.5.5}% 67
\BOOKMARK [1][-]{section.5.6}{\376\377\165\065\156\220\211\304\122\022}{chapter.5}% 68
\BOOKMARK [1][-]{section.5.7}{\376\377\145\366\224\237\211\304\122\022}{chapter.5}% 69
\BOOKMARK [1][-]{section.5.8}{\376\377\000E\000v\000a\000l\000u\000a\000t\000e\000\040\000F\000l\000o\000o\000r\000p\000l\000a\000n\000n\000i\000n\000g}{chapter.5}% 70
\BOOKMARK [2][-]{subsection.5.8.1}{\376\377\136\003\134\100\211\304\122\022\226\066\153\265\166\204\136\366\217\337\230\204\117\060}{section.5.8}% 71
\BOOKMARK [2][-]{subsection.5.8.2}{\376\377\000M\000a\000c\000r\000o\136\003\145\076\116\016\136\003\176\277\220\032\220\123\166\204\121\163\174\373}{section.5.8}% 72
\BOOKMARK [2][-]{subsection.5.8.3}{\376\377\000B\000l\000o\000c\000k\000\040\000/\000\040\000M\000a\000c\000r\000o\000\040\201\352\122\250\145\076\177\156\166\204\173\227\154\325\143\250\217\333}{section.5.8}% 73
\BOOKMARK [1][-]{section.5.9}{\376\377\116\016\136\003\134\100\377\010\000P\000l\000a\000c\000e\000m\000e\000n\000t\377\011\060\001\136\003\176\277\377\010\000R\000o\000u\000t\000i\000n\000g\377\011\166\204\121\163\174\373}{chapter.5}% 74
\BOOKMARK [0][-]{chapter.6}{\376\377\000P\000l\000a\000c\000e\000m\000e\000n\000t}{}% 75
\BOOKMARK [1][-]{section.6.1}{\376\377\136\003\134\100\217\307\172\013\116\016\173\227\154\325}{chapter.6}% 76
\BOOKMARK [2][-]{subsection.6.1.1}{\376\377\000G\000l\000o\000b\000a\000l\000\040\000P\000l\000a\000c\000e\000m\000e\000n\000t}{section.6.1}% 77
\BOOKMARK [2][-]{subsection.6.1.2}{\376\377\000D\000e\000t\000a\000i\000l\000e\000d\000\040\000P\000l\000a\000c\000e\000m\000e\000n\000t}{section.6.1}% 78
\BOOKMARK [1][-]{section.6.2}{\376\377\136\003\134\100\145\271\150\110\213\304\117\060}{chapter.6}% 79
\BOOKMARK [2][-]{subsection.6.2.1}{\376\377\142\345\130\136}{section.6.2}% 80
\BOOKMARK [2][-]{subsection.6.2.2}{\376\377\145\366\136\217}{section.6.2}% 81
\BOOKMARK [3][-]{subsubsection.6.2.2.1}{\376\377\000M\000C\000M\000M}{subsection.6.2.2}% 82
\BOOKMARK [1][-]{section.6.3}{\376\377\134\102\153\041\123\026\136\003\134\100}{chapter.6}% 83
\BOOKMARK [0][-]{chapter.7}{\376\377\000C\000T\000S}{}% 84
\BOOKMARK [1][-]{section.7.1}{\376\377\000T\000e\000r\000m\000i\000n\000o\000l\000o\000g\000y}{chapter.7}% 85
\BOOKMARK [1][-]{section.7.2}{\376\377\145\366\224\237\150\021\176\323\147\204}{chapter.7}% 86
\BOOKMARK [1][-]{section.7.3}{\376\377\145\366\224\237\150\021\176\246\147\137\145\207\116\366}{chapter.7}% 87
\BOOKMARK [1][-]{section.7.4}{\376\377\145\366\224\237\150\021\176\374\124\010\217\307\172\013\123\312\173\227\154\325}{chapter.7}% 88
\BOOKMARK [1][-]{section.7.5}{\376\377\145\366\224\237\150\021\133\371\165\065\215\357\140\047\200\375\377\010\122\237\200\375\377\011\166\204\137\161\124\315}{chapter.7}% 89
\BOOKMARK [0][-]{chapter.8}{\376\377\000R\000o\000u\000t\000i\000n\000g}{}% 90
\BOOKMARK [1][-]{section.8.1}{\376\377\000S\000p\000e\000c\000i\000a\000l\000\040\000R\000o\000u\000t\000i\000n\000g}{chapter.8}% 91
\BOOKMARK [1][-]{section.8.2}{\376\377\136\003\176\277\217\307\172\013\116\016\173\227\154\325}{chapter.8}% 92
\BOOKMARK [1][-]{section.8.3}{\376\377\136\003\176\277\145\271\150\110\213\304\117\060}{chapter.8}% 93
